2025-03-20 13:37:55,036 - srt_generator - INFO - File uploaded: 20250320_011950_20250319_49216daf-d211-43f5-bbf1-7bd7a6fa131f.mp3, type: Audio File
2025-03-20 13:37:56,981 - srt_generator - INFO - File uploaded: 20250320_011950_20250319_49216daf-d211-43f5-bbf1-7bd7a6fa131f.mp3, type: Audio File
2025-03-20 13:37:56,982 - srt_generator - INFO - Starting transcription with language=unknown, diarization=True
2025-03-20 13:37:56,983 - srt_generator - INFO - SarvamSTT initialized
2025-03-20 13:37:56,984 - srt_generator - INFO - Audio file size: 0.01 MB
2025-03-20 13:37:56,984 - srt_generator - INFO - Sending request to https://api.sarvam.ai/speech-to-text with language_code=unknown, enable_diarization=True
2025-03-20 13:37:57,300 - srt_generator - ERROR - API Error: 400 - {"error":{"message":"body.file : Field required","code":"invalid_request_error","request_id":"20250320_917a140a-2822-4cca-b55c-91ae6afd59c7"}}
2025-03-20 13:41:33,782 - srt_generator - INFO - File uploaded: 20250320_011950_20250319_49216daf-d211-43f5-bbf1-7bd7a6fa131f.mp3, type: Audio File
2025-03-20 13:41:34,755 - srt_generator - INFO - File uploaded: 20250320_011950_20250319_49216daf-d211-43f5-bbf1-7bd7a6fa131f.mp3, type: Audio File
2025-03-20 13:41:34,757 - srt_generator - INFO - Starting transcription with language=unknown, diarization=True
2025-03-20 13:41:34,757 - srt_generator - INFO - SarvamSTT initialized
2025-03-20 13:41:34,758 - srt_generator - INFO - Audio file size: 0.01 MB
2025-03-20 13:41:34,759 - srt_generator - INFO - Sending multipart request to https://api.sarvam.ai/speech-to-text with language_code=unknown, enable_diarization=True
2025-03-20 13:41:35,112 - srt_generator - INFO - API call successful
2025-03-20 13:44:53,988 - srt_generator - INFO - File uploaded: Lightning talk by Vivek Raghavan, Chief AI Evangelist, EkStep Foundation [rDW-SZGnn6k].mp3, type: Audio File
2025-03-20 13:44:55,196 - srt_generator - INFO - File uploaded: Lightning talk by Vivek Raghavan, Chief AI Evangelist, EkStep Foundation [rDW-SZGnn6k].mp3, type: Audio File
2025-03-20 13:44:55,201 - srt_generator - INFO - Starting transcription with language=unknown, diarization=True
2025-03-20 13:44:55,203 - srt_generator - INFO - SarvamSTT initialized
2025-03-20 13:44:55,219 - srt_generator - INFO - Audio file size: 5.93 MB
2025-03-20 13:44:55,220 - srt_generator - INFO - Sending multipart request to https://api.sarvam.ai/speech-to-text with language_code=unknown, enable_diarization=True
2025-03-20 13:44:55,714 - srt_generator - ERROR - API Error: 400 - {"error":{"message":"Audio file having duration greater than 30 seconds is not supported, use batch API for longer audios","code":"invalid_request_error","request_id":"20250320_73c8f00e-0d8c-4ae8-9f92-bb802ae8f1b5"}}
2025-03-20 13:46:10,820 - srt_generator - INFO - File uploaded: short_audio (2).mp3, type: Audio File
2025-03-20 13:46:16,600 - srt_generator - INFO - File uploaded: 20250320_011950_20250319_49216daf-d211-43f5-bbf1-7bd7a6fa131f.mp3, type: Audio File
2025-03-20 13:46:17,785 - srt_generator - INFO - File uploaded: 20250320_011950_20250319_49216daf-d211-43f5-bbf1-7bd7a6fa131f.mp3, type: Audio File
2025-03-20 13:46:17,787 - srt_generator - INFO - Starting transcription with language=unknown, diarization=True
2025-03-20 13:46:17,787 - srt_generator - INFO - SarvamSTT initialized
2025-03-20 13:46:17,788 - srt_generator - INFO - Audio file size: 0.01 MB
2025-03-20 13:46:17,789 - srt_generator - INFO - Sending multipart request to https://api.sarvam.ai/speech-to-text with language_code=unknown, enable_diarization=True
2025-03-20 13:46:18,101 - srt_generator - INFO - API call successful
2025-03-20 13:55:34,094 - srt_generator - INFO - File uploaded: Lightning talk by Vivek Raghavan, Chief AI Evangelist, EkStep Foundation [rDW-SZGnn6k].mp3, type: Audio File
2025-03-20 13:55:37,242 - srt_generator - INFO - File uploaded: Lightning talk by Vivek Raghavan, Chief AI Evangelist, EkStep Foundation [rDW-SZGnn6k].mp3, type: Audio File
2025-03-20 13:55:37,246 - srt_generator - INFO - Starting transcription with language=unknown, diarization=True
2025-03-20 13:55:37,246 - srt_generator - INFO - SarvamSTT initialized
2025-03-20 13:55:37,247 - srt_generator - INFO - Initializing batch job
2025-03-20 13:55:37,701 - srt_generator - INFO - Batch job initialized: 20250320_cae3d1e8-0a43-417d-b155-4094f929b3d2
2025-03-20 13:55:37,702 - srt_generator - INFO - Uploading audio file to https://appsprodbulkjobssa.blob.core.windows.net/bulk-upload-storage/jobs/2025-03-20/SPEECH_TO_TEXT_TRANSLATE_BULK/cae3d1e8-0a43-417d-b155-4094f929b3d2/inputs?se=2025-03-20T09%3A25%3A37Z&sp=wdl&sv=2025-05-05&sr=d&sdd=5&sig=FwuQtAWP/dGii7lzuIYtND5mZQtma49RAgW6kF54H80%3D
2025-03-20 13:55:37,702 - srt_generator - INFO - Initialized SarvamClient with URL: https://appsprodbulkjobssa.blob.core.windows.net/bulk-upload-storage/jobs/2025-03-20/SPEECH_TO_TEXT_TRANSLATE_BULK/cae3d1e8-0a43-417d-b155-4094f929b3d2/inputs?se=2025-03-20T09%3A25%3A37Z&sp=wdl&sv=2025-05-05&sr=d&sdd=5&sig=FwuQtAWP/dGii7lzuIYtND5mZQtma49RAgW6kF54H80%3D
2025-03-20 13:55:38,045 - srt_generator - ERROR - Failed to upload file: Lightning talk by Vivek Raghavan, Chief AI Evangelist, EkStep Foundation [rDW-SZGnn6k].mp3, Status: 403, Response: <?xml version="1.0" encoding="utf-8"?><Error><Code>AuthenticationFailed</Code><Message>Server failed to authenticate the request. Make sure the value of Authorization header is formed correctly including the signature.
RequestId:b24b01a8-101e-0022-5c71-993bc2000000
Time:2025-03-20T08:25:37.8911267Z</Message><AuthenticationErrorDetail>Signature fields not well formed.</AuthenticationErrorDetail></Error>
2025-03-20 13:55:38,046 - srt_generator - ERROR - Failed to upload file to batch processing
2025-03-20 13:57:51,386 - srt_generator - INFO - File uploaded: Lightning talk by Vivek Raghavan, Chief AI Evangelist, EkStep Foundation [rDW-SZGnn6k].mp3, type: Audio File
2025-03-20 13:58:15,391 - srt_generator - INFO - File uploaded: Effective PD 1__bg.mp4, type: Video File
2025-03-20 13:58:15,578 - srt_generator - INFO - Extracting audio with command: ffmpeg -i temp/Effective PD 1__bg.mp4 -vn -acodec pcm_s16le -ar 16000 -ac 1 temp/Effective PD 1__bg.wav
2025-03-20 13:58:17,781 - srt_generator - INFO - Audio extraction completed: temp/Effective PD 1__bg.wav
2025-03-20 13:58:21,804 - srt_generator - INFO - File uploaded: Effective PD 1__bg.mp4, type: Video File
2025-03-20 13:58:21,854 - srt_generator - INFO - Extracting audio with command: ffmpeg -i temp/Effective PD 1__bg.mp4 -vn -acodec pcm_s16le -ar 16000 -ac 1 temp/Effective PD 1__bg.wav
2025-03-20 13:59:38,727 - srt_generator - ERROR - Error extracting audio: Command '['ffmpeg', '-i', 'temp/Effective PD 1__bg.mp4', '-vn', '-acodec', 'pcm_s16le', '-ar', '16000', '-ac', '1', 'temp/Effective PD 1__bg.wav']' died with <Signals.SIGINT: 2>.
2025-03-20 13:59:58,631 - srt_generator - INFO - File uploaded: Lightning talk by Vivek Raghavan, Chief AI Evangelist, EkStep Foundation [rDW-SZGnn6k].mp3, type: Audio File
2025-03-20 14:00:01,158 - srt_generator - INFO - File uploaded: Lightning talk by Vivek Raghavan, Chief AI Evangelist, EkStep Foundation [rDW-SZGnn6k].mp3, type: Audio File
2025-03-20 14:00:01,161 - srt_generator - INFO - Starting transcription with language=unknown, diarization=True
2025-03-20 14:00:01,161 - srt_generator - INFO - SarvamSTT initialized
2025-03-20 14:00:01,162 - srt_generator - INFO - Initializing batch job
2025-03-20 14:00:01,605 - srt_generator - INFO - Batch job initialized: 20250320_52a1ca70-a09b-4cac-9ffb-d3cc1f6696bb
2025-03-20 14:00:01,606 - srt_generator - INFO - Uploading audio file to https://appsprodbulkjobssa.blob.core.windows.net/bulk-upload-storage/jobs/2025-03-20/SPEECH_TO_TEXT_TRANSLATE_BULK/52a1ca70-a09b-4cac-9ffb-d3cc1f6696bb/inputs?se=2025-03-20T09%3A30%3A01Z&sp=wdl&sv=2025-05-05&sr=d&sdd=5&sig=QndYY2qjH5fZoS/Lq%2BsFYQ1Tzfd66%2BAJ7mTS4t4ZqTA%3D
2025-03-20 14:00:01,606 - srt_generator - INFO - Initialized SarvamClient with URL: https://appsprodbulkjobssa.blob.core.windows.net/bulk-upload-storage/jobs/2025-03-20/SPEECH_TO_TEXT_TRANSLATE_BULK/52a1ca70-a09b-4cac-9ffb-d3cc1f6696bb/inputs?se=2025-03-20T09%3A30%3A01Z&sp=wdl&sv=2025-05-05&sr=d&sdd=5&sig=QndYY2qjH5fZoS/Lq%2BsFYQ1Tzfd66%2BAJ7mTS4t4ZqTA%3D
2025-03-20 14:00:01,609 - srt_generator - INFO - Uploading to URL: https://appsprodbulkjobssa.blob.core.windows.net/bulk-upload-storage/jobs/2025-03-20/SPEECH_TO_TEXT_TRANSLATE_BULK/52a1ca70-a09b-4cac-9ffb-d3cc1f6696bb/inputs/Lightning talk by Vivek Raghavan, Chief AI Evangelist, EkStep Foundation [rDW-SZGnn6k].mp3?se=2025-03-20T09%3A30%3A01Z&sp=wdl&sv=2025-05-05&sr=d&sdd=5&sig=QndYY2qjH5fZoS/Lq%2BsFYQ1Tzfd66%2BAJ7mTS4t4ZqTA%3D
2025-03-20 14:00:02,262 - srt_generator - INFO - Successfully uploaded file: Lightning talk by Vivek Raghavan, Chief AI Evangelist, EkStep Foundation [rDW-SZGnn6k].mp3
2025-03-20 14:00:02,264 - srt_generator - INFO - Starting batch job: 20250320_52a1ca70-a09b-4cac-9ffb-d3cc1f6696bb
2025-03-20 14:00:02,778 - srt_generator - INFO - Monitoring batch job status
2025-03-20 14:00:03,059 - srt_generator - INFO - Status: Pending | Progress: 0/0 files processed
2025-03-20 14:00:33,231 - srt_generator - INFO - Batch job completed successfully
2025-03-20 14:00:33,234 - srt_generator - INFO - Downloading results from https://appsprodbulkjobssa.blob.core.windows.net/bulk-upload-storage/jobs/2025-03-20/SPEECH_TO_TEXT_TRANSLATE_BULK/52a1ca70-a09b-4cac-9ffb-d3cc1f6696bb/outputs?se=2025-03-27T08%3A30%3A01Z&sp=rl&sv=2025-05-05&sr=d&sdd=5&sig=nE2R5OwmnZgo9dPdA54BvfZhX/tgPlhPNJp95Ghds1A%3D
2025-03-20 14:00:33,234 - srt_generator - INFO - Initialized SarvamClient with URL: https://appsprodbulkjobssa.blob.core.windows.net/bulk-upload-storage/jobs/2025-03-20/SPEECH_TO_TEXT_TRANSLATE_BULK/52a1ca70-a09b-4cac-9ffb-d3cc1f6696bb/outputs?se=2025-03-27T08%3A30%3A01Z&sp=rl&sv=2025-05-05&sr=d&sdd=5&sig=nE2R5OwmnZgo9dPdA54BvfZhX/tgPlhPNJp95Ghds1A%3D
2025-03-20 14:00:33,235 - srt_generator - INFO - Listing files from: https://appsprodbulkjobssa.blob.core.windows.net/bulk-upload-storage/jobs/2025-03-20/SPEECH_TO_TEXT_TRANSLATE_BULK/52a1ca70-a09b-4cac-9ffb-d3cc1f6696bb/outputs?se=2025-03-27T08%3A30%3A01Z&sp=rl&sv=2025-05-05&sr=d&sdd=5&sig=nE2R5OwmnZgo9dPdA54BvfZhX/tgPlhPNJp95Ghds1A%3D&restype=container&comp=list
2025-03-20 14:00:33,367 - srt_generator - ERROR - Failed to list files, Status: 400, Response: <?xml version="1.0" encoding="utf-8"?>
<Error><Code>InvalidUri</Code><Message>The requested URI does not represent any resource on the server.
RequestId:bc1878a6-001e-0063-0b72-996326000000
Time:2025-03-20T08:30:33.3978224Z</Message></Error>
2025-03-20 14:00:33,368 - srt_generator - WARNING - List files attempt 1 failed, retrying...
2025-03-20 14:00:35,374 - srt_generator - INFO - Listing files from: https://appsprodbulkjobssa.blob.core.windows.net/bulk-upload-storage/jobs/2025-03-20/SPEECH_TO_TEXT_TRANSLATE_BULK/52a1ca70-a09b-4cac-9ffb-d3cc1f6696bb/outputs?se=2025-03-27T08%3A30%3A01Z&sp=rl&sv=2025-05-05&sr=d&sdd=5&sig=nE2R5OwmnZgo9dPdA54BvfZhX/tgPlhPNJp95Ghds1A%3D&restype=container&comp=list
2025-03-20 14:00:35,497 - srt_generator - ERROR - Failed to list files, Status: 400, Response: <?xml version="1.0" encoding="utf-8"?>
<Error><Code>InvalidUri</Code><Message>The requested URI does not represent any resource on the server.
RequestId:18076f5c-701e-0069-0772-99c791000000
Time:2025-03-20T08:30:35.5410970Z</Message></Error>
2025-03-20 14:00:35,498 - srt_generator - WARNING - List files attempt 2 failed, retrying...
2025-03-20 14:00:37,504 - srt_generator - INFO - Listing files from: https://appsprodbulkjobssa.blob.core.windows.net/bulk-upload-storage/jobs/2025-03-20/SPEECH_TO_TEXT_TRANSLATE_BULK/52a1ca70-a09b-4cac-9ffb-d3cc1f6696bb/outputs?se=2025-03-27T08%3A30%3A01Z&sp=rl&sv=2025-05-05&sr=d&sdd=5&sig=nE2R5OwmnZgo9dPdA54BvfZhX/tgPlhPNJp95Ghds1A%3D&restype=container&comp=list
2025-03-20 14:00:37,653 - srt_generator - ERROR - Failed to list files, Status: 400, Response: <?xml version="1.0" encoding="utf-8"?>
<Error><Code>InvalidUri</Code><Message>The requested URI does not represent any resource on the server.
RequestId:d3b9e4b0-a01e-0037-1e72-992c71000000
Time:2025-03-20T08:30:37.6861870Z</Message></Error>
2025-03-20 14:00:37,654 - srt_generator - ERROR - No result files found after multiple attempts
2025-03-20 14:30:40,108 - INFO - ✅ SRT file created at output/20250320_3a2f210f-4291-416b-89e5-d6dee1f5a5ef_20250320_143040.srt
2025-03-20 14:38:05,381 - INFO - ✅ SRT file created at /Users/vinayakgavariya/sarvam/vinayak-playground/srt_generator/output/0 (30).srt
2025-03-20 14:42:49,052 - INFO - ✅ SRT file created at /Users/vinayakgavariya/sarvam/vinayak-playground/srt_generator/output/0 (30).srt
2025-03-20 14:43:54,478 - INFO - ✅ SRT file created at /Users/vinayakgavariya/sarvam/vinayak-playground/srt_generator/output/0 (31).srt
2025-03-20 14:47:16,598 - INFO - ✅ SRT file created at /Users/vinayakgavariya/sarvam/vinayak-playground/srt_generator/output/0.srt
2025-03-20 14:57:58,472 - INFO - ✅ SRT file created at /Users/vinayakgavariya/sarvam/vinayak-playground/srt_generator/output/0.srt
